# JRE version: Java(TM) SE Runtime Environment (8.0_45-b14) (build 1.8.0_45-b14)
# Java VM: Java HotSpot(TM) 64-Bit Server VM (25.45-b02 mixed mode bsd-amd64 compressed oops)
Heap:
 PSYoungGen      total 26112K, used 3479K [0x00000007aab00000, 0x00000007ace00000, 0x00000007c0000000)
  eden space 16384K, 6% used [0x00000007aab00000,0x00000007aabf8810,0x00000007abb00000)
  from space 9728K, 25% used [0x00000007ac480000,0x00000007ac6ed500,0x00000007ace00000)
  to   space 9728K, 0% used [0x00000007abb00000,0x00000007abb00000,0x00000007ac480000)
 ParOldGen       total 360448K, used 327681K [0x0000000780000000, 0x0000000796000000, 0x00000007aab00000)
  object space 360448K, 90% used [0x0000000780000000,0x0000000794000410,0x0000000796000000)
 Metaspace       used 18678K, capacity 19826K, committed 19840K, reserved 1067008K
  class space    used 2719K, capacity 2942K, committed 2944K, reserved 1048576K
GC Heap History (10 events):
Event: 4.397 GC heap before
{Heap before GC invocations=2 (full 0):
 PSYoungGen      total 18944K, used 18172K [0x00000007aab00000, 0x00000007ac000000, 0x00000007c0000000)
  eden space 16384K, 95% used [0x00000007aab00000,0x00000007aba43238,0x00000007abb00000)
  from space 2560K, 99% used [0x00000007abb00000,0x00000007abd7c050,0x00000007abd80000)
  to   space 2560K, 0% used [0x00000007abd80000,0x00000007abd80000,0x00000007ac000000)
 ParOldGen       total 96768K, used 52888K [0x0000000780000000, 0x0000000785e80000, 0x00000007aab00000)
  object space 96768K, 54% used [0x0000000780000000,0x00000007833a6030,0x0000000785e80000)
 Metaspace       used 15260K, capacity 15834K, committed 16000K, reserved 1062912K
  class space    used 2244K, capacity 2415K, committed 2432K, reserved 1048576K
Event: 4.423 GC heap after
Heap after GC invocations=2 (full 0):
 PSYoungGen      total 18944K, used 2535K [0x00000007aab00000, 0x00000007ac000000, 0x00000007c0000000)
  eden space 16384K, 0% used [0x00000007aab00000,0x00000007aab00000,0x00000007abb00000)
  from space 2560K, 99% used [0x00000007abd80000,0x00000007abff9c70,0x00000007ac000000)
  to   space 2560K, 0% used [0x00000007abb00000,0x00000007abb00000,0x00000007abd80000)
 ParOldGen       total 96768K, used 54895K [0x0000000780000000, 0x0000000785e80000, 0x00000007aab00000)
  object space 96768K, 56% used [0x0000000780000000,0x000000078359bde0,0x0000000785e80000)
 Metaspace       used 15260K, capacity 15834K, committed 16000K, reserved 1062912K
  class space    used 2244K, capacity 2415K, committed 2432K, reserved 1048576K
}
Event: 15.595 GC heap before
{Heap before GC invocations=3 (full 0):
 PSYoungGen      total 18944K, used 18670K [0x00000007aab00000, 0x00000007ac000000, 0x00000007c0000000)
  eden space 16384K, 98% used [0x00000007aab00000,0x00000007abac1de0,0x00000007abb00000)
  from space 2560K, 99% used [0x00000007abd80000,0x00000007abff9c70,0x00000007ac000000)
  to   space 2560K, 0% used [0x00000007abb00000,0x00000007abb00000,0x00000007abd80000)
 ParOldGen       total 254976K, used 212359K [0x0000000780000000, 0x000000078f900000, 0x00000007aab00000)
  object space 254976K, 83% used [0x0000000780000000,0x000000078cf61e10,0x000000078f900000)
 Metaspace       used 16901K, capacity 17582K, committed 17792K, reserved 1064960K
  class space    used 2422K, capacity 2606K, committed 2688K, reserved 1048576K
Event: 15.632 GC heap after
Heap after GC invocations=3 (full 0):
 PSYoungGen      total 18944K, used 2540K [0x00000007aab00000, 0x00000007ac000000, 0x00000007c0000000)
  eden space 16384K, 0% used [0x00000007aab00000,0x00000007aab00000,0x00000007abb00000)
  from space 2560K, 99% used [0x00000007abb00000,0x00000007abd7b160,0x00000007abd80000)
  to   space 2560K, 0% used [0x00000007abd80000,0x00000007abd80000,0x00000007ac000000)
 ParOldGen       total 254976K, used 219553K [0x0000000780000000, 0x000000078f900000, 0x00000007aab00000)
  object space 254976K, 86% used [0x0000000780000000,0x000000078d668698,0x000000078f900000)
 Metaspace       used 16901K, capacity 17582K, committed 17792K, reserved 1064960K
  class space    used 2422K, capacity 2606K, committed 2688K, reserved 1048576K
}
Event: 83.425 GC heap before
{Heap before GC invocations=4 (full 0):
 PSYoungGen      total 18944K, used 18924K [0x00000007aab00000, 0x00000007ac000000, 0x00000007c0000000)
  eden space 16384K, 100% used [0x00000007aab00000,0x00000007abb00000,0x00000007abb00000)
  from space 2560K, 99% used [0x00000007abb00000,0x00000007abd7b160,0x00000007abd80000)
  to   space 2560K, 0% used [0x00000007abd80000,0x00000007abd80000,0x00000007ac000000)
 ParOldGen       total 360448K, used 324529K [0x0000000780000000, 0x0000000796000000, 0x00000007aab00000)
  object space 360448K, 90% used [0x0000000780000000,0x0000000793cec6b8,0x0000000796000000)
 Metaspace       used 18616K, capacity 19784K, committed 19840K, reserved 1067008K
  class space    used 2709K, capacity 2931K, committed 2944K, reserved 1048576K
Event: 83.470 GC heap after
Heap after GC invocations=4 (full 0):
 PSYoungGen      total 18944K, used 2533K [0x00000007aab00000, 0x00000007ac000000, 0x00000007c0000000)
  eden space 16384K, 0% used [0x00000007aab00000,0x00000007aab00000,0x00000007abb00000)
  from space 2560K, 98% used [0x00000007abd80000,0x00000007abff9510,0x00000007ac000000)
  to   space 2560K, 0% used [0x00000007abb00000,0x00000007abb00000,0x00000007abd80000)
 ParOldGen       total 360448K, used 327633K [0x0000000780000000, 0x0000000796000000, 0x00000007aab00000)
  object space 360448K, 90% used [0x0000000780000000,0x0000000793ff4410,0x0000000796000000)
 Metaspace       used 18616K, capacity 19784K, committed 19840K, reserved 1067008K
  class space    used 2709K, capacity 2931K, committed 2944K, reserved 1048576K
}
Event: 2346.088 GC heap before
{Heap before GC invocations=5 (full 0):
 PSYoungGen      total 18944K, used 18917K [0x00000007aab00000, 0x00000007ac000000, 0x00000007c0000000)
  eden space 16384K, 100% used [0x00000007aab00000,0x00000007abb00000,0x00000007abb00000)
  from space 2560K, 98% used [0x00000007abd80000,0x00000007abff9510,0x00000007ac000000)
  to   space 2560K, 0% used [0x00000007abb00000,0x00000007abb00000,0x00000007abd80000)
 ParOldGen       total 360448K, used 327633K [0x0000000780000000, 0x0000000796000000, 0x00000007aab00000)
  object space 360448K, 90% used [0x0000000780000000,0x0000000793ff4410,0x0000000796000000)
 Metaspace       used 18629K, capacity 19784K, committed 19840K, reserved 1067008K
  class space    used 2710K, capacity 2931K, committed 2944K, reserved 1048576K
Event: 2346.176 GC heap after
Heap after GC invocations=5 (full 0):
 PSYoungGen      total 18944K, used 2549K [0x00000007aab00000, 0x00000007ace00000, 0x00000007c0000000)
  eden space 16384K, 0% used [0x00000007aab00000,0x00000007aab00000,0x00000007abb00000)
  from space 2560K, 99% used [0x00000007abb00000,0x00000007abd7d500,0x00000007abd80000)
  to   space 9728K, 0% used [0x00000007ac480000,0x00000007ac480000,0x00000007ace00000)
 ParOldGen       total 360448K, used 327673K [0x0000000780000000, 0x0000000796000000, 0x00000007aab00000)
  object space 360448K, 90% used [0x0000000780000000,0x0000000793ffe410,0x0000000796000000)
 Metaspace       used 18629K, capacity 19784K, committed 19840K, reserved 1067008K
  class space    used 2710K, capacity 2931K, committed 2944K, reserved 1048576K
}
Event: 3811.453 GC heap before
{Heap before GC invocations=6 (full 0):
 PSYoungGen      total 18944K, used 18933K [0x00000007aab00000, 0x00000007ace00000, 0x00000007c0000000)
  eden space 16384K, 100% used [0x00000007aab00000,0x00000007abb00000,0x00000007abb00000)
  from space 2560K, 99% used [0x00000007abb00000,0x00000007abd7d500,0x00000007abd80000)
  to   space 9728K, 0% used [0x00000007ac480000,0x00000007ac480000,0x00000007ace00000)
 ParOldGen       total 360448K, used 327673K [0x0000000780000000, 0x0000000796000000, 0x00000007aab00000)
  object space 360448K, 90% used [0x0000000780000000,0x0000000793ffe410,0x0000000796000000)
 Metaspace       used 18632K, capacity 19784K, committed 19840K, reserved 1067008K
  class space    used 2710K, capacity 2931K, committed 2944K, reserved 1048576K
Event: 3811.544 GC heap after
Heap after GC invocations=6 (full 0):
 PSYoungGen      total 26112K, used 2485K [0x00000007aab00000, 0x00000007ace00000, 0x00000007c0000000)
  eden space 16384K, 0% used [0x00000007aab00000,0x00000007aab00000,0x00000007abb00000)
  from space 9728K, 25% used [0x00000007ac480000,0x00000007ac6ed500,0x00000007ace00000)
  to   space 9728K, 0% used [0x00000007abb00000,0x00000007abb00000,0x00000007ac480000)
 ParOldGen       total 360448K, used 327681K [0x0000000780000000, 0x0000000796000000, 0x00000007aab00000)
  object space 360448K, 90% used [0x0000000780000000,0x0000000794000410,0x0000000796000000)
 Metaspace       used 18632K, capacity 19784K, committed 19840K, reserved 1067008K
  class space    used 2710K, capacity 2931K, committed 2944K, reserved 1048576K
}

